2022-03-09 07:53:44,584  INFO [main] automation practice :44 - Login Form Display test
2022-03-09 07:53:44,632  INFO [main] automation practice :47 - Email field Display test 
2022-03-09 07:53:44,663  INFO [main] automation practice :50 - password field display test
2022-03-09 07:53:44,689  INFO [main] automation practice :53 - Sign in button enable test
2022-03-09 07:53:57,739  INFO [main] automation practice :65 - abcd is entered
2022-03-09 07:53:59,104 DEBUG [main] cache:45 - Couldn't find template in cache for "spark/spark.spa.ftl"("en_GB", UTF-8, parsed); will try to load it.
2022-03-09 07:53:59,105 DEBUG [main] cache:45 - TemplateLoader.findTemplateSource("spark/spark.spa_en_GB.ftl"): Not found
2022-03-09 07:53:59,107 DEBUG [main] cache:45 - TemplateLoader.findTemplateSource("spark/spark.spa_en.ftl"): Not found
2022-03-09 07:53:59,109 DEBUG [main] cache:45 - TemplateLoader.findTemplateSource("spark/spark.spa.ftl"): Found
2022-03-09 07:53:59,109 DEBUG [main] cache:45 - Loading template for "spark/spark.spa.ftl"("en_GB", UTF-8, parsed) from "jar:file:/C:/Users/mraje/.m2/repository/com/aventstack/extentreports/5.0.5/extentreports-5.0.5.jar!/com/aventstack/extentreports/templates/spark/spark.spa.ftl"
2022-03-09 07:53:59,173 DEBUG [main] cache:45 - Couldn't find template in cache for "commons/commons-variables.ftl"("en_GB", UTF-8, parsed); will try to load it.
2022-03-09 07:53:59,173 DEBUG [main] cache:45 - TemplateLoader.findTemplateSource("commons/commons-variables_en_GB.ftl"): Not found
2022-03-09 07:53:59,174 DEBUG [main] cache:45 - TemplateLoader.findTemplateSource("commons/commons-variables_en.ftl"): Not found
2022-03-09 07:53:59,174 DEBUG [main] cache:45 - TemplateLoader.findTemplateSource("commons/commons-variables.ftl"): Found
2022-03-09 07:53:59,175 DEBUG [main] cache:45 - Loading template for "commons/commons-variables.ftl"("en_GB", UTF-8, parsed) from "jar:file:/C:/Users/mraje/.m2/repository/com/aventstack/extentreports/5.0.5/extentreports-5.0.5.jar!/com/aventstack/extentreports/templates/commons/commons-variables.ftl"
2022-03-09 07:53:59,263 DEBUG [main] cache:45 - Couldn't find template in cache for "commons/commons-macros.ftl"("en_GB", UTF-8, parsed); will try to load it.
2022-03-09 07:53:59,264 DEBUG [main] cache:45 - TemplateLoader.findTemplateSource("commons/commons-macros_en_GB.ftl"): Not found
2022-03-09 07:53:59,265 DEBUG [main] cache:45 - TemplateLoader.findTemplateSource("commons/commons-macros_en.ftl"): Not found
2022-03-09 07:53:59,266 DEBUG [main] cache:45 - TemplateLoader.findTemplateSource("commons/commons-macros.ftl"): Found
2022-03-09 07:53:59,266 DEBUG [main] cache:45 - Loading template for "commons/commons-macros.ftl"("en_GB", UTF-8, parsed) from "jar:file:/C:/Users/mraje/.m2/repository/com/aventstack/extentreports/5.0.5/extentreports-5.0.5.jar!/com/aventstack/extentreports/templates/commons/commons-macros.ftl"
2022-03-09 07:53:59,271 DEBUG [main] cache:45 - Couldn't find template in cache for "spark/macros/attributes.ftl"("en_GB", UTF-8, parsed); will try to load it.
2022-03-09 07:53:59,272 DEBUG [main] cache:45 - TemplateLoader.findTemplateSource("spark/macros/attributes_en_GB.ftl"): Not found
2022-03-09 07:53:59,272 DEBUG [main] cache:45 - TemplateLoader.findTemplateSource("spark/macros/attributes_en.ftl"): Not found
2022-03-09 07:53:59,273 DEBUG [main] cache:45 - TemplateLoader.findTemplateSource("spark/macros/attributes.ftl"): Found
2022-03-09 07:53:59,273 DEBUG [main] cache:45 - Loading template for "spark/macros/attributes.ftl"("en_GB", UTF-8, parsed) from "jar:file:/C:/Users/mraje/.m2/repository/com/aventstack/extentreports/5.0.5/extentreports-5.0.5.jar!/com/aventstack/extentreports/templates/spark/macros/attributes.ftl"
2022-03-09 07:53:59,275 DEBUG [main] cache:45 - Couldn't find template in cache for "spark/macros/log.ftl"("en_GB", UTF-8, parsed); will try to load it.
2022-03-09 07:53:59,275 DEBUG [main] cache:45 - TemplateLoader.findTemplateSource("spark/macros/log_en_GB.ftl"): Not found
2022-03-09 07:53:59,276 DEBUG [main] cache:45 - TemplateLoader.findTemplateSource("spark/macros/log_en.ftl"): Not found
2022-03-09 07:53:59,277 DEBUG [main] cache:45 - TemplateLoader.findTemplateSource("spark/macros/log.ftl"): Found
2022-03-09 07:53:59,277 DEBUG [main] cache:45 - Loading template for "spark/macros/log.ftl"("en_GB", UTF-8, parsed) from "jar:file:/C:/Users/mraje/.m2/repository/com/aventstack/extentreports/5.0.5/extentreports-5.0.5.jar!/com/aventstack/extentreports/templates/spark/macros/log.ftl"
2022-03-09 07:53:59,279 DEBUG [main] cache:45 - Couldn't find template in cache for "spark/macros/recurse_nodes.ftl"("en_GB", UTF-8, parsed); will try to load it.
2022-03-09 07:53:59,279 DEBUG [main] cache:45 - TemplateLoader.findTemplateSource("spark/macros/recurse_nodes_en_GB.ftl"): Not found
2022-03-09 07:53:59,280 DEBUG [main] cache:45 - TemplateLoader.findTemplateSource("spark/macros/recurse_nodes_en.ftl"): Not found
2022-03-09 07:53:59,281 DEBUG [main] cache:45 - TemplateLoader.findTemplateSource("spark/macros/recurse_nodes.ftl"): Found
2022-03-09 07:53:59,281 DEBUG [main] cache:45 - Loading template for "spark/macros/recurse_nodes.ftl"("en_GB", UTF-8, parsed) from "jar:file:/C:/Users/mraje/.m2/repository/com/aventstack/extentreports/5.0.5/extentreports-5.0.5.jar!/com/aventstack/extentreports/templates/spark/macros/recurse_nodes.ftl"
2022-03-09 07:53:59,283 DEBUG [main] cache:45 - "spark/macros/log.ftl"("en_GB", UTF-8, parsed) cached copy not yet stale; using cached.
2022-03-09 07:53:59,284 DEBUG [main] cache:45 - Couldn't find template in cache for "spark/macros/attr-common.ftl"("en_GB", UTF-8, parsed); will try to load it.
2022-03-09 07:53:59,284 DEBUG [main] cache:45 - TemplateLoader.findTemplateSource("spark/macros/attr-common_en_GB.ftl"): Not found
2022-03-09 07:53:59,285 DEBUG [main] cache:45 - TemplateLoader.findTemplateSource("spark/macros/attr-common_en.ftl"): Not found
2022-03-09 07:53:59,286 DEBUG [main] cache:45 - TemplateLoader.findTemplateSource("spark/macros/attr-common.ftl"): Found
2022-03-09 07:53:59,286 DEBUG [main] cache:45 - Loading template for "spark/macros/attr-common.ftl"("en_GB", UTF-8, parsed) from "jar:file:/C:/Users/mraje/.m2/repository/com/aventstack/extentreports/5.0.5/extentreports-5.0.5.jar!/com/aventstack/extentreports/templates/spark/macros/attr-common.ftl"
2022-03-09 07:53:59,292 DEBUG [main] cache:45 - Couldn't find template in cache for "spark/partials/head.ftl"("en_GB", UTF-8, parsed); will try to load it.
2022-03-09 07:53:59,292 DEBUG [main] cache:45 - TemplateLoader.findTemplateSource("spark/partials/head_en_GB.ftl"): Not found
2022-03-09 07:53:59,293 DEBUG [main] cache:45 - TemplateLoader.findTemplateSource("spark/partials/head_en.ftl"): Not found
2022-03-09 07:53:59,294 DEBUG [main] cache:45 - TemplateLoader.findTemplateSource("spark/partials/head.ftl"): Found
2022-03-09 07:53:59,294 DEBUG [main] cache:45 - Loading template for "spark/partials/head.ftl"("en_GB", UTF-8, parsed) from "jar:file:/C:/Users/mraje/.m2/repository/com/aventstack/extentreports/5.0.5/extentreports-5.0.5.jar!/com/aventstack/extentreports/templates/spark/partials/head.ftl"
2022-03-09 07:53:59,297 DEBUG [main] cache:45 - Couldn't find template in cache for "commons/commons-inject-css.ftl"("en_GB", UTF-8, parsed); will try to load it.
2022-03-09 07:53:59,297 DEBUG [main] cache:45 - TemplateLoader.findTemplateSource("commons/commons-inject-css_en_GB.ftl"): Not found
2022-03-09 07:53:59,298 DEBUG [main] cache:45 - TemplateLoader.findTemplateSource("commons/commons-inject-css_en.ftl"): Not found
2022-03-09 07:53:59,298 DEBUG [main] cache:45 - TemplateLoader.findTemplateSource("commons/commons-inject-css.ftl"): Found
2022-03-09 07:53:59,298 DEBUG [main] cache:45 - Loading template for "commons/commons-inject-css.ftl"("en_GB", UTF-8, parsed) from "jar:file:/C:/Users/mraje/.m2/repository/com/aventstack/extentreports/5.0.5/extentreports-5.0.5.jar!/com/aventstack/extentreports/templates/commons/commons-inject-css.ftl"
2022-03-09 07:53:59,299 DEBUG [main] cache:45 - Couldn't find template in cache for "spark/partials/navbar.ftl"("en_GB", UTF-8, parsed); will try to load it.
2022-03-09 07:53:59,300 DEBUG [main] cache:45 - TemplateLoader.findTemplateSource("spark/partials/navbar_en_GB.ftl"): Not found
2022-03-09 07:53:59,301 DEBUG [main] cache:45 - TemplateLoader.findTemplateSource("spark/partials/navbar_en.ftl"): Not found
2022-03-09 07:53:59,301 DEBUG [main] cache:45 - TemplateLoader.findTemplateSource("spark/partials/navbar.ftl"): Found
2022-03-09 07:53:59,302 DEBUG [main] cache:45 - Loading template for "spark/partials/navbar.ftl"("en_GB", UTF-8, parsed) from "jar:file:/C:/Users/mraje/.m2/repository/com/aventstack/extentreports/5.0.5/extentreports-5.0.5.jar!/com/aventstack/extentreports/templates/spark/partials/navbar.ftl"
2022-03-09 07:53:59,307 DEBUG [main] cache:45 - Couldn't find template in cache for "spark/partials/sidenav.ftl"("en_GB", UTF-8, parsed); will try to load it.
2022-03-09 07:53:59,308 DEBUG [main] cache:45 - TemplateLoader.findTemplateSource("spark/partials/sidenav_en_GB.ftl"): Not found
2022-03-09 07:53:59,309 DEBUG [main] cache:45 - TemplateLoader.findTemplateSource("spark/partials/sidenav_en.ftl"): Not found
2022-03-09 07:53:59,309 DEBUG [main] cache:45 - TemplateLoader.findTemplateSource("spark/partials/sidenav.ftl"): Found
2022-03-09 07:53:59,310 DEBUG [main] cache:45 - Loading template for "spark/partials/sidenav.ftl"("en_GB", UTF-8, parsed) from "jar:file:/C:/Users/mraje/.m2/repository/com/aventstack/extentreports/5.0.5/extentreports-5.0.5.jar!/com/aventstack/extentreports/templates/spark/partials/sidenav.ftl"
2022-03-09 07:53:59,323 DEBUG [main] cache:45 - Couldn't find template in cache for "spark/partials/test.ftl"("en_GB", UTF-8, parsed); will try to load it.
2022-03-09 07:53:59,324 DEBUG [main] cache:45 - TemplateLoader.findTemplateSource("spark/partials/test_en_GB.ftl"): Not found
2022-03-09 07:53:59,325 DEBUG [main] cache:45 - TemplateLoader.findTemplateSource("spark/partials/test_en.ftl"): Not found
2022-03-09 07:53:59,328 DEBUG [main] cache:45 - TemplateLoader.findTemplateSource("spark/partials/test.ftl"): Found
2022-03-09 07:53:59,328 DEBUG [main] cache:45 - Loading template for "spark/partials/test.ftl"("en_GB", UTF-8, parsed) from "jar:file:/C:/Users/mraje/.m2/repository/com/aventstack/extentreports/5.0.5/extentreports-5.0.5.jar!/com/aventstack/extentreports/templates/spark/partials/test.ftl"
2022-03-09 07:53:59,340 DEBUG [main] cache:45 - Couldn't find template in cache for "spark/partials/standard-content.ftl"("en_GB", UTF-8, parsed); will try to load it.
2022-03-09 07:53:59,340 DEBUG [main] cache:45 - TemplateLoader.findTemplateSource("spark/partials/standard-content_en_GB.ftl"): Not found
2022-03-09 07:53:59,341 DEBUG [main] cache:45 - TemplateLoader.findTemplateSource("spark/partials/standard-content_en.ftl"): Not found
2022-03-09 07:53:59,341 DEBUG [main] cache:45 - TemplateLoader.findTemplateSource("spark/partials/standard-content.ftl"): Found
2022-03-09 07:53:59,341 DEBUG [main] cache:45 - Loading template for "spark/partials/standard-content.ftl"("en_GB", UTF-8, parsed) from "jar:file:/C:/Users/mraje/.m2/repository/com/aventstack/extentreports/5.0.5/extentreports-5.0.5.jar!/com/aventstack/extentreports/templates/spark/partials/standard-content.ftl"
2022-03-09 07:53:59,347 DEBUG [main] cache:45 - "spark/partials/standard-content.ftl"("en_GB", UTF-8, parsed) cached copy not yet stale; using cached.
2022-03-09 07:53:59,350 DEBUG [main] cache:45 - "spark/partials/standard-content.ftl"("en_GB", UTF-8, parsed) cached copy not yet stale; using cached.
2022-03-09 07:53:59,351 DEBUG [main] cache:45 - Couldn't find template in cache for "spark/partials/exception.ftl"("en_GB", UTF-8, parsed); will try to load it.
2022-03-09 07:53:59,351 DEBUG [main] cache:45 - TemplateLoader.findTemplateSource("spark/partials/exception_en_GB.ftl"): Not found
2022-03-09 07:53:59,352 DEBUG [main] cache:45 - TemplateLoader.findTemplateSource("spark/partials/exception_en.ftl"): Not found
2022-03-09 07:53:59,353 DEBUG [main] cache:45 - TemplateLoader.findTemplateSource("spark/partials/exception.ftl"): Found
2022-03-09 07:53:59,353 DEBUG [main] cache:45 - Loading template for "spark/partials/exception.ftl"("en_GB", UTF-8, parsed) from "jar:file:/C:/Users/mraje/.m2/repository/com/aventstack/extentreports/5.0.5/extentreports-5.0.5.jar!/com/aventstack/extentreports/templates/spark/partials/exception.ftl"
2022-03-09 07:53:59,355 DEBUG [main] cache:45 - Couldn't find template in cache for "spark/partials/category.ftl"("en_GB", UTF-8, parsed); will try to load it.
2022-03-09 07:53:59,355 DEBUG [main] cache:45 - TemplateLoader.findTemplateSource("spark/partials/category_en_GB.ftl"): Not found
2022-03-09 07:53:59,356 DEBUG [main] cache:45 - TemplateLoader.findTemplateSource("spark/partials/category_en.ftl"): Not found
2022-03-09 07:53:59,357 DEBUG [main] cache:45 - TemplateLoader.findTemplateSource("spark/partials/category.ftl"): Found
2022-03-09 07:53:59,357 DEBUG [main] cache:45 - Loading template for "spark/partials/category.ftl"("en_GB", UTF-8, parsed) from "jar:file:/C:/Users/mraje/.m2/repository/com/aventstack/extentreports/5.0.5/extentreports-5.0.5.jar!/com/aventstack/extentreports/templates/spark/partials/category.ftl"
2022-03-09 07:53:59,358 DEBUG [main] cache:45 - Couldn't find template in cache for "spark/partials/device.ftl"("en_GB", UTF-8, parsed); will try to load it.
2022-03-09 07:53:59,359 DEBUG [main] cache:45 - TemplateLoader.findTemplateSource("spark/partials/device_en_GB.ftl"): Not found
2022-03-09 07:53:59,359 DEBUG [main] cache:45 - TemplateLoader.findTemplateSource("spark/partials/device_en.ftl"): Not found
2022-03-09 07:53:59,360 DEBUG [main] cache:45 - TemplateLoader.findTemplateSource("spark/partials/device.ftl"): Found
2022-03-09 07:53:59,361 DEBUG [main] cache:45 - Loading template for "spark/partials/device.ftl"("en_GB", UTF-8, parsed) from "jar:file:/C:/Users/mraje/.m2/repository/com/aventstack/extentreports/5.0.5/extentreports-5.0.5.jar!/com/aventstack/extentreports/templates/spark/partials/device.ftl"
2022-03-09 07:53:59,362 DEBUG [main] cache:45 - Couldn't find template in cache for "spark/partials/author.ftl"("en_GB", UTF-8, parsed); will try to load it.
2022-03-09 07:53:59,363 DEBUG [main] cache:45 - TemplateLoader.findTemplateSource("spark/partials/author_en_GB.ftl"): Not found
2022-03-09 07:53:59,364 DEBUG [main] cache:45 - TemplateLoader.findTemplateSource("spark/partials/author_en.ftl"): Not found
2022-03-09 07:53:59,365 DEBUG [main] cache:45 - TemplateLoader.findTemplateSource("spark/partials/author.ftl"): Found
2022-03-09 07:53:59,365 DEBUG [main] cache:45 - Loading template for "spark/partials/author.ftl"("en_GB", UTF-8, parsed) from "jar:file:/C:/Users/mraje/.m2/repository/com/aventstack/extentreports/5.0.5/extentreports-5.0.5.jar!/com/aventstack/extentreports/templates/spark/partials/author.ftl"
2022-03-09 07:53:59,366 DEBUG [main] cache:45 - Couldn't find template in cache for "spark/partials/log.ftl"("en_GB", UTF-8, parsed); will try to load it.
2022-03-09 07:53:59,367 DEBUG [main] cache:45 - TemplateLoader.findTemplateSource("spark/partials/log_en_GB.ftl"): Not found
2022-03-09 07:53:59,368 DEBUG [main] cache:45 - TemplateLoader.findTemplateSource("spark/partials/log_en.ftl"): Not found
2022-03-09 07:53:59,368 DEBUG [main] cache:45 - TemplateLoader.findTemplateSource("spark/partials/log.ftl"): Found
2022-03-09 07:53:59,369 DEBUG [main] cache:45 - Loading template for "spark/partials/log.ftl"("en_GB", UTF-8, parsed) from "jar:file:/C:/Users/mraje/.m2/repository/com/aventstack/extentreports/5.0.5/extentreports-5.0.5.jar!/com/aventstack/extentreports/templates/spark/partials/log.ftl"
2022-03-09 07:53:59,370 DEBUG [main] cache:45 - Couldn't find template in cache for "spark/partials/dashboard.ftl"("en_GB", UTF-8, parsed); will try to load it.
2022-03-09 07:53:59,371 DEBUG [main] cache:45 - TemplateLoader.findTemplateSource("spark/partials/dashboard_en_GB.ftl"): Not found
2022-03-09 07:53:59,372 DEBUG [main] cache:45 - TemplateLoader.findTemplateSource("spark/partials/dashboard_en.ftl"): Not found
2022-03-09 07:53:59,373 DEBUG [main] cache:45 - TemplateLoader.findTemplateSource("spark/partials/dashboard.ftl"): Found
2022-03-09 07:53:59,373 DEBUG [main] cache:45 - Loading template for "spark/partials/dashboard.ftl"("en_GB", UTF-8, parsed) from "jar:file:/C:/Users/mraje/.m2/repository/com/aventstack/extentreports/5.0.5/extentreports-5.0.5.jar!/com/aventstack/extentreports/templates/spark/partials/dashboard.ftl"
2022-03-09 07:53:59,405 DEBUG [main] cache:45 - Couldn't find template in cache for "spark/partials/scripts.ftl"("en_GB", UTF-8, parsed); will try to load it.
2022-03-09 07:53:59,405 DEBUG [main] cache:45 - TemplateLoader.findTemplateSource("spark/partials/scripts_en_GB.ftl"): Not found
2022-03-09 07:53:59,406 DEBUG [main] cache:45 - TemplateLoader.findTemplateSource("spark/partials/scripts_en.ftl"): Not found
2022-03-09 07:53:59,407 DEBUG [main] cache:45 - TemplateLoader.findTemplateSource("spark/partials/scripts.ftl"): Found
2022-03-09 07:53:59,407 DEBUG [main] cache:45 - Loading template for "spark/partials/scripts.ftl"("en_GB", UTF-8, parsed) from "jar:file:/C:/Users/mraje/.m2/repository/com/aventstack/extentreports/5.0.5/extentreports-5.0.5.jar!/com/aventstack/extentreports/templates/spark/partials/scripts.ftl"
2022-03-09 07:53:59,409 DEBUG [main] cache:45 - Couldn't find template in cache for "commons/commons-inject-js.ftl"("en_GB", UTF-8, parsed); will try to load it.
2022-03-09 07:53:59,409 DEBUG [main] cache:45 - TemplateLoader.findTemplateSource("commons/commons-inject-js_en_GB.ftl"): Not found
2022-03-09 07:53:59,410 DEBUG [main] cache:45 - TemplateLoader.findTemplateSource("commons/commons-inject-js_en.ftl"): Not found
2022-03-09 07:53:59,411 DEBUG [main] cache:45 - TemplateLoader.findTemplateSource("commons/commons-inject-js.ftl"): Found
2022-03-09 07:53:59,411 DEBUG [main] cache:45 - Loading template for "commons/commons-inject-js.ftl"("en_GB", UTF-8, parsed) from "jar:file:/C:/Users/mraje/.m2/repository/com/aventstack/extentreports/5.0.5/extentreports-5.0.5.jar!/com/aventstack/extentreports/templates/commons/commons-inject-js.ftl"
